[0.009s] Invoking command in '/home/krawlingkorpse/cpp_robotics/aria_ws/build/aria_cpp': CMAKE_PREFIX_PATH=${CMAKE_PREFIX_PATH}:/home/krawlingkorpse/robotics/aria_cc/install/aria_ai:/opt/ros/jazzy DEBUGINFOD_URLS=https://debuginfod.ubuntu.com /usr/bin/cmake --build /home/krawlingkorpse/cpp_robotics/aria_ws/build/aria_cpp -- -j16 -l16
[0.032s] -- Found ament_cmake: 2.5.4 (/opt/ros/jazzy/share/ament_cmake/cmake)
[0.202s] -- Found rclcpp: 28.1.10 (/opt/ros/jazzy/share/rclcpp/cmake)
[0.227s] -- Found rosidl_generator_c: 4.6.5 (/opt/ros/jazzy/share/rosidl_generator_c/cmake)
[0.233s] -- Found rosidl_generator_cpp: 4.6.5 (/opt/ros/jazzy/share/rosidl_generator_cpp/cmake)
[0.242s] -- Using all available rosidl_typesupport_c: rosidl_typesupport_fastrtps_c;rosidl_typesupport_introspection_c
[0.252s] -- Using all available rosidl_typesupport_cpp: rosidl_typesupport_fastrtps_cpp;rosidl_typesupport_introspection_cpp
[0.301s] -- Found rmw_implementation_cmake: 7.3.2 (/opt/ros/jazzy/share/rmw_implementation_cmake/cmake)
[0.302s] -- Found rmw_fastrtps_cpp: 8.4.2 (/opt/ros/jazzy/share/rmw_fastrtps_cpp/cmake)
[0.356s] -- Using RMW implementation 'rmw_fastrtps_cpp' as default
[0.406s] -- Found std_msgs: 5.3.6 (/opt/ros/jazzy/share/std_msgs/cmake)
[0.417s] -- Found geometry_msgs: 5.3.6 (/opt/ros/jazzy/share/geometry_msgs/cmake)
[0.428s] -- Found sensor_msgs: 5.3.6 (/opt/ros/jazzy/share/sensor_msgs/cmake)
[0.448s] -- Found tf2_ros: 0.36.12 (/opt/ros/jazzy/share/tf2_ros/cmake)
[0.544s] -- Found cv_bridge: 4.1.0 (/opt/ros/jazzy/share/cv_bridge/cmake)
[0.556s] -- Found PkgConfig: /usr/bin/pkg-config (found version "1.8.1") 
[0.557s] -- Checking for module 'portaudio-2.0'
[0.573s] --   Found portaudio-2.0, version 19
[0.611s] -- Found ament_lint_auto: 0.17.2 (/opt/ros/jazzy/share/ament_lint_auto/cmake)
[0.678s] -- Added test 'cppcheck' to perform static code analysis on C / C++ code
[0.678s] -- Configured cppcheck include dirs: 
[0.678s] -- Configured cppcheck exclude dirs and/or files: 
[0.679s] -- Added test 'lint_cmake' to check CMake code style
[0.680s] -- Added test 'uncrustify' to check C / C++ code style
[0.680s] -- Configured uncrustify additional arguments: 
[0.680s] -- Added test 'xmllint' to check XML markup files
[0.681s] -- Configuring done (0.7s)
[0.694s] -- Generating done (0.0s)
[0.699s] -- Build files have been written to: /home/krawlingkorpse/cpp_robotics/aria_ws/build/aria_cpp
[0.735s] [ 16%] [32mBuilding CXX object CMakeFiles/aria_ears.dir/src/aria_ears.cpp.o[0m
[0.744s] [ 33%] [32mBuilding CXX object CMakeFiles/aria_tts.dir/src/aria_tts.cpp.o[0m
[0.744s] [ 66%] Built target aria_terminal
[0.928s] [01m[K/home/krawlingkorpse/cpp_robotics/aria_ws/src/aria_cpp/src/aria_ears.cpp:3:10:[m[K [01;31m[Kfatal error: [m[Kvosk_api.h: No such file or directory
[0.928s]     3 | #include [01;31m[K<vosk_api.h>[m[K
[0.928s]       |          [01;31m[K^~~~~~~~~~~~[m[K
[0.928s] compilation terminated.
[0.931s] gmake[2]: *** [CMakeFiles/aria_ears.dir/build.make:76: CMakeFiles/aria_ears.dir/src/aria_ears.cpp.o] Error 1
[0.931s] gmake[1]: *** [CMakeFiles/Makefile2:193: CMakeFiles/aria_ears.dir/all] Error 2
[0.931s] gmake[1]: *** Waiting for unfinished jobs....
[5.672s] [ 83%] [32m[1mLinking CXX executable aria_tts[0m
[5.852s] [ 83%] Built target aria_tts
[5.853s] gmake: *** [Makefile:146: all] Error 2
[5.855s] Invoked command in '/home/krawlingkorpse/cpp_robotics/aria_ws/build/aria_cpp' returned '2': CMAKE_PREFIX_PATH=${CMAKE_PREFIX_PATH}:/home/krawlingkorpse/robotics/aria_cc/install/aria_ai:/opt/ros/jazzy DEBUGINFOD_URLS=https://debuginfod.ubuntu.com /usr/bin/cmake --build /home/krawlingkorpse/cpp_robotics/aria_ws/build/aria_cpp -- -j16 -l16
