[0.008s] Invoking command in '/home/krawlingkorpse/cpp_robotics/aria_ws/build/aria_cpp': CMAKE_PREFIX_PATH=${CMAKE_PREFIX_PATH}:/home/krawlingkorpse/robotics/aria_cc/install/aria_ai:/opt/ros/jazzy DEBUGINFOD_URLS=https://debuginfod.ubuntu.com /usr/bin/cmake --build /home/krawlingkorpse/cpp_robotics/aria_ws/build/aria_cpp -- -j16 -l16
[0.066s] [ 50%] [32mBuilding CXX object CMakeFiles/aria_terminal.dir/src/aria_terminal.cpp.o[0m
[1.500s] [01m[K/home/krawlingkorpse/cpp_robotics/aria_ws/src/aria_cpp/src/aria_terminal.cpp:[m[K In function ‘[01m[Kint[01;32m[K main[m[K(int, char**)[m[K’:
[1.500s] [01m[K/home/krawlingkorpse/cpp_robotics/aria_ws/src/aria_cpp/src/aria_terminal.cpp:62:30:[m[K [01;31m[Kerror: [m[K‘[01m[Kendl[m[K’ was not declared in this scope; did you mean ‘[01m[Kstd::endl[m[K’?
[1.500s]    62 |     std::cout << terminal << [01;31m[Kendl[m[K;
[1.500s]       |                              [01;31m[K^~~~[m[K
[1.500s]       |                              [32m[Kstd::endl[m[K
[1.500s] In file included from [01m[K/usr/include/c++/13/istream:41[m[K,
[1.500s]                  from [01m[K/usr/include/c++/13/sstream:40[m[K,
[1.500s]                  from [01m[K/opt/ros/jazzy/include/rcl_interfaces/rcl_interfaces/srv/detail/list_parameters__traits.hpp:13[m[K,
[1.500s]                  from [01m[K/opt/ros/jazzy/include/rcl_interfaces/rcl_interfaces/srv/list_parameters.hpp:9[m[K,
[1.500s]                  from [01m[K/opt/ros/jazzy/include/rclcpp/rclcpp/copy_all_parameter_values.hpp:21[m[K,
[1.500s]                  from [01m[K/opt/ros/jazzy/include/rclcpp/rclcpp/rclcpp.hpp:171[m[K,
[1.500s]                  from [01m[K/home/krawlingkorpse/cpp_robotics/aria_ws/src/aria_cpp/src/aria_terminal.cpp:1[m[K:
[1.500s] [01m[K/usr/include/c++/13/ostream:735:5:[m[K [01;36m[Knote: [m[K‘[01m[Kstd::endl[m[K’ declared here
[1.500s]   735 |     [01;36m[Kendl[m[K(basic_ostream<_CharT, _Traits>& __os)
[1.500s]       |     [01;36m[K^~~~[m[K
[2.127s] gmake[2]: *** [CMakeFiles/aria_terminal.dir/build.make:76: CMakeFiles/aria_terminal.dir/src/aria_terminal.cpp.o] Error 1
[2.128s] gmake[1]: *** [CMakeFiles/Makefile2:137: CMakeFiles/aria_terminal.dir/all] Error 2
[2.128s] gmake: *** [Makefile:146: all] Error 2
[2.130s] Invoked command in '/home/krawlingkorpse/cpp_robotics/aria_ws/build/aria_cpp' returned '2': CMAKE_PREFIX_PATH=${CMAKE_PREFIX_PATH}:/home/krawlingkorpse/robotics/aria_cc/install/aria_ai:/opt/ros/jazzy DEBUGINFOD_URLS=https://debuginfod.ubuntu.com /usr/bin/cmake --build /home/krawlingkorpse/cpp_robotics/aria_ws/build/aria_cpp -- -j16 -l16
