[0.009s] Invoking command in '/home/krawlingkorpse/cpp_robotics/aria_ws/build/aria_cpp': CMAKE_PREFIX_PATH=${CMAKE_PREFIX_PATH}:/home/krawlingkorpse/robotics/aria_cc/install/aria_ai:/opt/ros/jazzy DEBUGINFOD_URLS=https://debuginfod.ubuntu.com /usr/bin/cmake --build /home/krawlingkorpse/cpp_robotics/aria_ws/build/aria_cpp -- -j16 -l16
[0.040s] -- Found ament_cmake: 2.5.4 (/opt/ros/jazzy/share/ament_cmake/cmake)
[0.213s] -- Found rclcpp: 28.1.10 (/opt/ros/jazzy/share/rclcpp/cmake)
[0.237s] -- Found rosidl_generator_c: 4.6.5 (/opt/ros/jazzy/share/rosidl_generator_c/cmake)
[0.244s] -- Found rosidl_generator_cpp: 4.6.5 (/opt/ros/jazzy/share/rosidl_generator_cpp/cmake)
[0.254s] -- Using all available rosidl_typesupport_c: rosidl_typesupport_fastrtps_c;rosidl_typesupport_introspection_c
[0.264s] -- Using all available rosidl_typesupport_cpp: rosidl_typesupport_fastrtps_cpp;rosidl_typesupport_introspection_cpp
[0.314s] -- Found rmw_implementation_cmake: 7.3.2 (/opt/ros/jazzy/share/rmw_implementation_cmake/cmake)
[0.316s] -- Found rmw_fastrtps_cpp: 8.4.2 (/opt/ros/jazzy/share/rmw_fastrtps_cpp/cmake)
[0.373s] -- Using RMW implementation 'rmw_fastrtps_cpp' as default
[0.425s] -- Found std_msgs: 5.3.6 (/opt/ros/jazzy/share/std_msgs/cmake)
[0.436s] -- Found geometry_msgs: 5.3.6 (/opt/ros/jazzy/share/geometry_msgs/cmake)
[0.448s] -- Found sensor_msgs: 5.3.6 (/opt/ros/jazzy/share/sensor_msgs/cmake)
[0.468s] -- Found tf2_ros: 0.36.12 (/opt/ros/jazzy/share/tf2_ros/cmake)
[0.560s] -- Found cv_bridge: 4.1.0 (/opt/ros/jazzy/share/cv_bridge/cmake)
[0.576s] -- Found ament_lint_auto: 0.17.2 (/opt/ros/jazzy/share/ament_lint_auto/cmake)
[0.658s] -- Added test 'cppcheck' to perform static code analysis on C / C++ code
[0.658s] -- Configured cppcheck include dirs: 
[0.658s] -- Configured cppcheck exclude dirs and/or files: 
[0.660s] -- Added test 'flake8' to check Python code syntax and style conventions
[0.660s] -- Configured 'flake8' exclude dirs and/or files: 
[0.663s] -- Added test 'lint_cmake' to check CMake code style
[0.665s] -- Added test 'pep257' to check Python code against some of the docstring style conventions in PEP 257
[0.677s] -- Added test 'uncrustify' to check C / C++ code style
[0.677s] -- Configured uncrustify additional arguments: 
[0.679s] -- Added test 'xmllint' to check XML markup files
[0.679s] -- Configuring done (0.6s)
[0.697s] -- Generating done (0.0s)
[0.703s] -- Build files have been written to: /home/krawlingkorpse/cpp_robotics/aria_ws/build/aria_cpp
[0.748s] [ 50%] Built target aria
[0.748s] [ 50%] Built target aria_terminal
[0.748s] [ 75%] Built target aria_ears
[0.750s] [100%] Built target aria_tts
[0.762s] Invoked command in '/home/krawlingkorpse/cpp_robotics/aria_ws/build/aria_cpp' returned '0': CMAKE_PREFIX_PATH=${CMAKE_PREFIX_PATH}:/home/krawlingkorpse/robotics/aria_cc/install/aria_ai:/opt/ros/jazzy DEBUGINFOD_URLS=https://debuginfod.ubuntu.com /usr/bin/cmake --build /home/krawlingkorpse/cpp_robotics/aria_ws/build/aria_cpp -- -j16 -l16
[0.772s] Invoking command in '/home/krawlingkorpse/cpp_robotics/aria_ws/build/aria_cpp': CMAKE_PREFIX_PATH=${CMAKE_PREFIX_PATH}:/home/krawlingkorpse/robotics/aria_cc/install/aria_ai:/opt/ros/jazzy DEBUGINFOD_URLS=https://debuginfod.ubuntu.com /usr/bin/cmake --install /home/krawlingkorpse/cpp_robotics/aria_ws/build/aria_cpp
[0.780s] -- Install configuration: ""
[0.780s] -- Up-to-date: /home/krawlingkorpse/cpp_robotics/aria_ws/install/aria_cpp/lib/aria_cpp/aria_terminal
[0.780s] -- Up-to-date: /home/krawlingkorpse/cpp_robotics/aria_ws/install/aria_cpp/lib/aria_cpp/aria_tts
[0.781s] -- Up-to-date: /home/krawlingkorpse/cpp_robotics/aria_ws/install/aria_cpp/lib/aria_cpp/aria_ears
[0.781s] -- Up-to-date: /home/krawlingkorpse/cpp_robotics/aria_ws/install/aria_cpp/lib/aria_cpp/aria
[0.781s] -- Installing: /home/krawlingkorpse/cpp_robotics/aria_ws/install/aria_cpp/share/aria_cpp/aria_prompt.txt
[0.781s] -- Installing: /home/krawlingkorpse/cpp_robotics/aria_ws/install/aria_cpp/share/ament_index/resource_index/package_run_dependencies/aria_cpp
[0.782s] -- Up-to-date: /home/krawlingkorpse/cpp_robotics/aria_ws/install/aria_cpp/share/ament_index/resource_index/parent_prefix_path/aria_cpp
[0.782s] -- Up-to-date: /home/krawlingkorpse/cpp_robotics/aria_ws/install/aria_cpp/share/aria_cpp/environment/ament_prefix_path.sh
[0.782s] -- Up-to-date: /home/krawlingkorpse/cpp_robotics/aria_ws/install/aria_cpp/share/aria_cpp/environment/ament_prefix_path.dsv
[0.782s] -- Up-to-date: /home/krawlingkorpse/cpp_robotics/aria_ws/install/aria_cpp/share/aria_cpp/environment/path.sh
[0.782s] -- Up-to-date: /home/krawlingkorpse/cpp_robotics/aria_ws/install/aria_cpp/share/aria_cpp/environment/path.dsv
[0.782s] -- Up-to-date: /home/krawlingkorpse/cpp_robotics/aria_ws/install/aria_cpp/share/aria_cpp/local_setup.bash
[0.782s] -- Up-to-date: /home/krawlingkorpse/cpp_robotics/aria_ws/install/aria_cpp/share/aria_cpp/local_setup.sh
[0.782s] -- Up-to-date: /home/krawlingkorpse/cpp_robotics/aria_ws/install/aria_cpp/share/aria_cpp/local_setup.zsh
[0.782s] -- Up-to-date: /home/krawlingkorpse/cpp_robotics/aria_ws/install/aria_cpp/share/aria_cpp/local_setup.dsv
[0.782s] -- Installing: /home/krawlingkorpse/cpp_robotics/aria_ws/install/aria_cpp/share/aria_cpp/package.dsv
[0.782s] -- Up-to-date: /home/krawlingkorpse/cpp_robotics/aria_ws/install/aria_cpp/share/ament_index/resource_index/packages/aria_cpp
[0.782s] -- Up-to-date: /home/krawlingkorpse/cpp_robotics/aria_ws/install/aria_cpp/share/aria_cpp/cmake/aria_cppConfig.cmake
[0.783s] -- Up-to-date: /home/krawlingkorpse/cpp_robotics/aria_ws/install/aria_cpp/share/aria_cpp/cmake/aria_cppConfig-version.cmake
[0.783s] -- Installing: /home/krawlingkorpse/cpp_robotics/aria_ws/install/aria_cpp/share/aria_cpp/package.xml
[0.784s] Invoked command in '/home/krawlingkorpse/cpp_robotics/aria_ws/build/aria_cpp' returned '0': CMAKE_PREFIX_PATH=${CMAKE_PREFIX_PATH}:/home/krawlingkorpse/robotics/aria_cc/install/aria_ai:/opt/ros/jazzy DEBUGINFOD_URLS=https://debuginfod.ubuntu.com /usr/bin/cmake --install /home/krawlingkorpse/cpp_robotics/aria_ws/build/aria_cpp
