[0.008s] Invoking command in '/home/krawlingkorpse/cpp_robotics/aria_ws/build/aria_cpp': CMAKE_PREFIX_PATH=${CMAKE_PREFIX_PATH}:/home/krawlingkorpse/robotics/aria_cc/install/aria_ai:/opt/ros/jazzy DEBUGINFOD_URLS=https://debuginfod.ubuntu.com /usr/bin/cmake --build /home/krawlingkorpse/cpp_robotics/aria_ws/build/aria_cpp -- -j16 -l16
[0.034s] -- Found ament_cmake: 2.5.4 (/opt/ros/jazzy/share/ament_cmake/cmake)
[0.199s] -- Found rclcpp: 28.1.10 (/opt/ros/jazzy/share/rclcpp/cmake)
[0.223s] -- Found rosidl_generator_c: 4.6.5 (/opt/ros/jazzy/share/rosidl_generator_c/cmake)
[0.230s] -- Found rosidl_generator_cpp: 4.6.5 (/opt/ros/jazzy/share/rosidl_generator_cpp/cmake)
[0.239s] -- Using all available rosidl_typesupport_c: rosidl_typesupport_fastrtps_c;rosidl_typesupport_introspection_c
[0.251s] -- Using all available rosidl_typesupport_cpp: rosidl_typesupport_fastrtps_cpp;rosidl_typesupport_introspection_cpp
[0.300s] -- Found rmw_implementation_cmake: 7.3.2 (/opt/ros/jazzy/share/rmw_implementation_cmake/cmake)
[0.301s] -- Found rmw_fastrtps_cpp: 8.4.2 (/opt/ros/jazzy/share/rmw_fastrtps_cpp/cmake)
[0.357s] -- Using RMW implementation 'rmw_fastrtps_cpp' as default
[0.409s] -- Found std_msgs: 5.3.6 (/opt/ros/jazzy/share/std_msgs/cmake)
[0.421s] -- Found geometry_msgs: 5.3.6 (/opt/ros/jazzy/share/geometry_msgs/cmake)
[0.433s] -- Found sensor_msgs: 5.3.6 (/opt/ros/jazzy/share/sensor_msgs/cmake)
[0.453s] -- Found tf2_ros: 0.36.12 (/opt/ros/jazzy/share/tf2_ros/cmake)
[0.546s] -- Found cv_bridge: 4.1.0 (/opt/ros/jazzy/share/cv_bridge/cmake)
[0.560s] -- Found ament_lint_auto: 0.17.2 (/opt/ros/jazzy/share/ament_lint_auto/cmake)
[0.632s] -- Added test 'cppcheck' to perform static code analysis on C / C++ code
[0.632s] -- Configured cppcheck include dirs: 
[0.632s] -- Configured cppcheck exclude dirs and/or files: 
[0.633s] -- Added test 'lint_cmake' to check CMake code style
[0.634s] -- Added test 'uncrustify' to check C / C++ code style
[0.634s] -- Configured uncrustify additional arguments: 
[0.634s] -- Added test 'xmllint' to check XML markup files
[0.634s] -- Configuring done (0.6s)
[0.650s] -- Generating done (0.0s)
[0.657s] -- Build files have been written to: /home/krawlingkorpse/cpp_robotics/aria_ws/build/aria_cpp
[0.691s] [ 16%] [32mBuilding CXX object CMakeFiles/aria_ears.dir/src/aria_ears.cpp.o[0m
[0.699s] [ 83%] Built target aria_tts
[0.700s] [ 83%] Built target aria_terminal
[3.541s] [100%] [32m[1mLinking CXX executable aria_ears[0m
[3.772s] [100%] Built target aria_ears
[3.783s] Invoked command in '/home/krawlingkorpse/cpp_robotics/aria_ws/build/aria_cpp' returned '0': CMAKE_PREFIX_PATH=${CMAKE_PREFIX_PATH}:/home/krawlingkorpse/robotics/aria_cc/install/aria_ai:/opt/ros/jazzy DEBUGINFOD_URLS=https://debuginfod.ubuntu.com /usr/bin/cmake --build /home/krawlingkorpse/cpp_robotics/aria_ws/build/aria_cpp -- -j16 -l16
[3.792s] Invoking command in '/home/krawlingkorpse/cpp_robotics/aria_ws/build/aria_cpp': CMAKE_PREFIX_PATH=${CMAKE_PREFIX_PATH}:/home/krawlingkorpse/robotics/aria_cc/install/aria_ai:/opt/ros/jazzy DEBUGINFOD_URLS=https://debuginfod.ubuntu.com /usr/bin/cmake --install /home/krawlingkorpse/cpp_robotics/aria_ws/build/aria_cpp
[3.800s] -- Install configuration: ""
[3.801s] -- Up-to-date: /home/krawlingkorpse/cpp_robotics/aria_ws/install/aria_cpp/lib/aria_cpp/aria_terminal
[3.801s] -- Installing: /home/krawlingkorpse/cpp_robotics/aria_ws/install/aria_cpp/lib/aria_cpp/aria_tts
[3.806s] -- Set non-toolchain portion of runtime path of "/home/krawlingkorpse/cpp_robotics/aria_ws/install/aria_cpp/lib/aria_cpp/aria_tts" to ""
[3.806s] -- Installing: /home/krawlingkorpse/cpp_robotics/aria_ws/install/aria_cpp/lib/aria_cpp/aria_ears
[3.807s] -- Set non-toolchain portion of runtime path of "/home/krawlingkorpse/cpp_robotics/aria_ws/install/aria_cpp/lib/aria_cpp/aria_ears" to ""
[3.807s] -- Up-to-date: /home/krawlingkorpse/cpp_robotics/aria_ws/install/aria_cpp/share/ament_index/resource_index/package_run_dependencies/aria_cpp
[3.807s] -- Installing: /home/krawlingkorpse/cpp_robotics/aria_ws/install/aria_cpp/share/ament_index/resource_index/parent_prefix_path/aria_cpp
[3.807s] -- Up-to-date: /home/krawlingkorpse/cpp_robotics/aria_ws/install/aria_cpp/share/aria_cpp/environment/ament_prefix_path.sh
[3.807s] -- Up-to-date: /home/krawlingkorpse/cpp_robotics/aria_ws/install/aria_cpp/share/aria_cpp/environment/ament_prefix_path.dsv
[3.808s] -- Up-to-date: /home/krawlingkorpse/cpp_robotics/aria_ws/install/aria_cpp/share/aria_cpp/environment/path.sh
[3.808s] -- Up-to-date: /home/krawlingkorpse/cpp_robotics/aria_ws/install/aria_cpp/share/aria_cpp/environment/path.dsv
[3.808s] -- Up-to-date: /home/krawlingkorpse/cpp_robotics/aria_ws/install/aria_cpp/share/aria_cpp/local_setup.bash
[3.808s] -- Up-to-date: /home/krawlingkorpse/cpp_robotics/aria_ws/install/aria_cpp/share/aria_cpp/local_setup.sh
[3.808s] -- Up-to-date: /home/krawlingkorpse/cpp_robotics/aria_ws/install/aria_cpp/share/aria_cpp/local_setup.zsh
[3.808s] -- Up-to-date: /home/krawlingkorpse/cpp_robotics/aria_ws/install/aria_cpp/share/aria_cpp/local_setup.dsv
[3.808s] -- Installing: /home/krawlingkorpse/cpp_robotics/aria_ws/install/aria_cpp/share/aria_cpp/package.dsv
[3.808s] -- Up-to-date: /home/krawlingkorpse/cpp_robotics/aria_ws/install/aria_cpp/share/ament_index/resource_index/packages/aria_cpp
[3.808s] -- Up-to-date: /home/krawlingkorpse/cpp_robotics/aria_ws/install/aria_cpp/share/aria_cpp/cmake/aria_cppConfig.cmake
[3.808s] -- Up-to-date: /home/krawlingkorpse/cpp_robotics/aria_ws/install/aria_cpp/share/aria_cpp/cmake/aria_cppConfig-version.cmake
[3.808s] -- Up-to-date: /home/krawlingkorpse/cpp_robotics/aria_ws/install/aria_cpp/share/aria_cpp/package.xml
[3.809s] Invoked command in '/home/krawlingkorpse/cpp_robotics/aria_ws/build/aria_cpp' returned '0': CMAKE_PREFIX_PATH=${CMAKE_PREFIX_PATH}:/home/krawlingkorpse/robotics/aria_cc/install/aria_ai:/opt/ros/jazzy DEBUGINFOD_URLS=https://debuginfod.ubuntu.com /usr/bin/cmake --install /home/krawlingkorpse/cpp_robotics/aria_ws/build/aria_cpp
