[0.009s] Invoking command in '/home/krawlingkorpse/cpp_robotics/aria_ws/build/aria_cpp': CMAKE_PREFIX_PATH=${CMAKE_PREFIX_PATH}:/home/krawlingkorpse/robotics/aria_cc/install/aria_ai:/opt/ros/jazzy DEBUGINFOD_URLS=https://debuginfod.ubuntu.com /usr/bin/cmake --build /home/krawlingkorpse/cpp_robotics/aria_ws/build/aria_cpp -- -j16 -l16
[0.065s] [ 25%] Built target aria_terminal
[0.065s] [ 50%] Built target aria_tts
[0.066s] [ 75%] Built target aria_ears
[0.073s] [ 87%] [32mBuilding CXX object CMakeFiles/aria.dir/src/aria.cpp.o[0m
[6.174s] [100%] [32m[1mLinking CXX executable aria[0m
[6.483s] [100%] Built target aria
[6.493s] Invoked command in '/home/krawlingkorpse/cpp_robotics/aria_ws/build/aria_cpp' returned '0': CMAKE_PREFIX_PATH=${CMAKE_PREFIX_PATH}:/home/krawlingkorpse/robotics/aria_cc/install/aria_ai:/opt/ros/jazzy DEBUGINFOD_URLS=https://debuginfod.ubuntu.com /usr/bin/cmake --build /home/krawlingkorpse/cpp_robotics/aria_ws/build/aria_cpp -- -j16 -l16
[6.503s] Invoking command in '/home/krawlingkorpse/cpp_robotics/aria_ws/build/aria_cpp': CMAKE_PREFIX_PATH=${CMAKE_PREFIX_PATH}:/home/krawlingkorpse/robotics/aria_cc/install/aria_ai:/opt/ros/jazzy DEBUGINFOD_URLS=https://debuginfod.ubuntu.com /usr/bin/cmake --install /home/krawlingkorpse/cpp_robotics/aria_ws/build/aria_cpp
[6.511s] -- Install configuration: ""
[6.512s] -- Up-to-date: /home/krawlingkorpse/cpp_robotics/aria_ws/install/aria_cpp/lib/aria_cpp/aria_terminal
[6.512s] -- Up-to-date: /home/krawlingkorpse/cpp_robotics/aria_ws/install/aria_cpp/lib/aria_cpp/aria_tts
[6.512s] -- Up-to-date: /home/krawlingkorpse/cpp_robotics/aria_ws/install/aria_cpp/lib/aria_cpp/aria_ears
[6.512s] -- Installing: /home/krawlingkorpse/cpp_robotics/aria_ws/install/aria_cpp/lib/aria_cpp/aria
[6.518s] -- Set non-toolchain portion of runtime path of "/home/krawlingkorpse/cpp_robotics/aria_ws/install/aria_cpp/lib/aria_cpp/aria" to ""
[6.518s] [31mCMake Error at cmake_install.cmake:142 (file):
[6.519s]   file INSTALL cannot find
[6.519s]   "/home/krawlingkorpse/cpp_robotics/aria_ws/src/aria_cpp/../../../aria_cc/src/aria_ai/aria_ai/aria_prompt.txt":
[6.519s]   No such file or directory.
[6.519s] 
[6.519s] [0m
[6.520s] Invoked command in '/home/krawlingkorpse/cpp_robotics/aria_ws/build/aria_cpp' returned '1': CMAKE_PREFIX_PATH=${CMAKE_PREFIX_PATH}:/home/krawlingkorpse/robotics/aria_cc/install/aria_ai:/opt/ros/jazzy DEBUGINFOD_URLS=https://debuginfod.ubuntu.com /usr/bin/cmake --install /home/krawlingkorpse/cpp_robotics/aria_ws/build/aria_cpp
