[0.008s] Invoking command in '/home/krawlingkorpse/cpp_robotics/aria_ws/build/aria_cpp': CMAKE_PREFIX_PATH=${CMAKE_PREFIX_PATH}:/home/krawlingkorpse/robotics/aria_cc/install/aria_ai:/opt/ros/jazzy DEBUGINFOD_URLS=https://debuginfod.ubuntu.com /usr/bin/cmake --build /home/krawlingkorpse/cpp_robotics/aria_ws/build/aria_cpp -- -j16 -l16
[0.067s] [ 50%] [32mBuilding CXX object CMakeFiles/aria_terminal.dir/src/aria_terminal.cpp.o[0m
[2.808s] [100%] [32m[1mLinking CXX executable aria_terminal[0m
[2.926s] [100%] Built target aria_terminal
[2.938s] Invoked command in '/home/krawlingkorpse/cpp_robotics/aria_ws/build/aria_cpp' returned '0': CMAKE_PREFIX_PATH=${CMAKE_PREFIX_PATH}:/home/krawlingkorpse/robotics/aria_cc/install/aria_ai:/opt/ros/jazzy DEBUGINFOD_URLS=https://debuginfod.ubuntu.com /usr/bin/cmake --build /home/krawlingkorpse/cpp_robotics/aria_ws/build/aria_cpp -- -j16 -l16
[2.946s] Invoking command in '/home/krawlingkorpse/cpp_robotics/aria_ws/build/aria_cpp': CMAKE_PREFIX_PATH=${CMAKE_PREFIX_PATH}:/home/krawlingkorpse/robotics/aria_cc/install/aria_ai:/opt/ros/jazzy DEBUGINFOD_URLS=https://debuginfod.ubuntu.com /usr/bin/cmake --install /home/krawlingkorpse/cpp_robotics/aria_ws/build/aria_cpp
[2.954s] -- Install configuration: ""
[2.954s] -- Installing: /home/krawlingkorpse/cpp_robotics/aria_ws/install/aria_cpp/lib/aria_cpp/aria_terminal
[2.955s] -- Set non-toolchain portion of runtime path of "/home/krawlingkorpse/cpp_robotics/aria_ws/install/aria_cpp/lib/aria_cpp/aria_terminal" to ""
[2.955s] -- Up-to-date: /home/krawlingkorpse/cpp_robotics/aria_ws/install/aria_cpp/share/ament_index/resource_index/package_run_dependencies/aria_cpp
[2.955s] -- Up-to-date: /home/krawlingkorpse/cpp_robotics/aria_ws/install/aria_cpp/share/ament_index/resource_index/parent_prefix_path/aria_cpp
[2.955s] -- Up-to-date: /home/krawlingkorpse/cpp_robotics/aria_ws/install/aria_cpp/share/aria_cpp/environment/ament_prefix_path.sh
[2.955s] -- Up-to-date: /home/krawlingkorpse/cpp_robotics/aria_ws/install/aria_cpp/share/aria_cpp/environment/ament_prefix_path.dsv
[2.955s] -- Up-to-date: /home/krawlingkorpse/cpp_robotics/aria_ws/install/aria_cpp/share/aria_cpp/environment/path.sh
[2.956s] -- Up-to-date: /home/krawlingkorpse/cpp_robotics/aria_ws/install/aria_cpp/share/aria_cpp/environment/path.dsv
[2.956s] -- Up-to-date: /home/krawlingkorpse/cpp_robotics/aria_ws/install/aria_cpp/share/aria_cpp/local_setup.bash
[2.956s] -- Up-to-date: /home/krawlingkorpse/cpp_robotics/aria_ws/install/aria_cpp/share/aria_cpp/local_setup.sh
[2.956s] -- Up-to-date: /home/krawlingkorpse/cpp_robotics/aria_ws/install/aria_cpp/share/aria_cpp/local_setup.zsh
[2.956s] -- Up-to-date: /home/krawlingkorpse/cpp_robotics/aria_ws/install/aria_cpp/share/aria_cpp/local_setup.dsv
[2.956s] -- Installing: /home/krawlingkorpse/cpp_robotics/aria_ws/install/aria_cpp/share/aria_cpp/package.dsv
[2.956s] -- Up-to-date: /home/krawlingkorpse/cpp_robotics/aria_ws/install/aria_cpp/share/ament_index/resource_index/packages/aria_cpp
[2.956s] -- Up-to-date: /home/krawlingkorpse/cpp_robotics/aria_ws/install/aria_cpp/share/aria_cpp/cmake/aria_cppConfig.cmake
[2.956s] -- Up-to-date: /home/krawlingkorpse/cpp_robotics/aria_ws/install/aria_cpp/share/aria_cpp/cmake/aria_cppConfig-version.cmake
[2.956s] -- Up-to-date: /home/krawlingkorpse/cpp_robotics/aria_ws/install/aria_cpp/share/aria_cpp/package.xml
[2.957s] Invoked command in '/home/krawlingkorpse/cpp_robotics/aria_ws/build/aria_cpp' returned '0': CMAKE_PREFIX_PATH=${CMAKE_PREFIX_PATH}:/home/krawlingkorpse/robotics/aria_cc/install/aria_ai:/opt/ros/jazzy DEBUGINFOD_URLS=https://debuginfod.ubuntu.com /usr/bin/cmake --install /home/krawlingkorpse/cpp_robotics/aria_ws/build/aria_cpp
