-- The C compiler identification is GNU 13.3.0
-- The CXX compiler identification is GNU 13.3.0
-- Detecting C compiler ABI info
-- Detecting C compiler ABI info - done
-- Check for working C compiler: /usr/bin/cc - skipped
-- Detecting C compile features
-- Detecting C compile features - done
-- Detecting CXX compiler ABI info
-- Detecting CXX compiler ABI info - done
-- Check for working CXX compiler: /usr/bin/c++ - skipped
-- Detecting CXX compile features
-- Detecting CXX compile features - done
-- Found ament_cmake: 2.5.4 (/opt/ros/jazzy/share/ament_cmake/cmake)
-- Found Python3: /usr/bin/python3 (found version "3.12.3") found components: Interpreter 
-- Found rclcpp: 28.1.10 (/opt/ros/jazzy/share/rclcpp/cmake)
-- Found rosidl_generator_c: 4.6.5 (/opt/ros/jazzy/share/rosidl_generator_c/cmake)
-- Found rosidl_generator_cpp: 4.6.5 (/opt/ros/jazzy/share/rosidl_generator_cpp/cmake)
-- Using all available rosidl_typesupport_c: rosidl_typesupport_fastrtps_c;rosidl_typesupport_introspection_c
-- Using all available rosidl_typesupport_cpp: rosidl_typesupport_fastrtps_cpp;rosidl_typesupport_introspection_cpp
-- Found rmw_implementation_cmake: 7.3.2 (/opt/ros/jazzy/share/rmw_implementation_cmake/cmake)
-- Found rmw_fastrtps_cpp: 8.4.2 (/opt/ros/jazzy/share/rmw_fastrtps_cpp/cmake)
-- Found OpenSSL: /usr/lib/x86_64-linux-gnu/libcrypto.so (found version "3.0.13")  
-- Found FastRTPS: /opt/ros/jazzy/include (Required is at least version "2.13") 
-- Using RMW implementation 'rmw_fastrtps_cpp' as default
-- Found std_msgs: 5.3.6 (/opt/ros/jazzy/share/std_msgs/cmake)
-- Found geometry_msgs: 5.3.6 (/opt/ros/jazzy/share/geometry_msgs/cmake)
-- Found sensor_msgs: 5.3.6 (/opt/ros/jazzy/share/sensor_msgs/cmake)
-- Found tf2_ros: 0.36.12 (/opt/ros/jazzy/share/tf2_ros/cmake)
-- Found cv_bridge: 4.1.0 (/opt/ros/jazzy/share/cv_bridge/cmake)
-- Found PkgConfig: /usr/bin/pkg-config (found version "1.8.1") 
-- Checking for module 'portaudio-2.0'
--   Found portaudio-2.0, version 19
-- Found ament_lint_auto: 0.17.2 (/opt/ros/jazzy/share/ament_lint_auto/cmake)
-- Added test 'cppcheck' to perform static code analysis on C / C++ code
-- Configured cppcheck include dirs: 
-- Configured cppcheck exclude dirs and/or files: 
-- Added test 'lint_cmake' to check CMake code style
-- Added test 'uncrustify' to check C / C++ code style
-- Configured uncrustify additional arguments: 
-- Added test 'xmllint' to check XML markup files
-- Configuring done (1.3s)
-- Generating done (0.0s)
-- Build files have been written to: /home/krawlingkorpse/cpp_robotics/aria_ws/src/aria_cpp/build/aria_cpp
[ 12%] [32mBuilding CXX object CMakeFiles/aria_terminal.dir/src/aria_terminal.cpp.o[0m
[ 25%] [32mBuilding CXX object CMakeFiles/aria_ears.dir/src/aria_ears.cpp.o[0m
[ 37%] [32mBuilding CXX object CMakeFiles/aria.dir/src/aria.cpp.o[0m
[ 50%] [32mBuilding CXX object CMakeFiles/aria_tts.dir/src/aria_tts.cpp.o[0m
[ 62%] [32m[1mLinking CXX executable aria_terminal[0m
[ 75%] [32m[1mLinking CXX executable aria_ears[0m
[ 75%] Built target aria_terminal
[ 75%] Built target aria_ears
[ 87%] [32m[1mLinking CXX executable aria_tts[0m
[ 87%] Built target aria_tts
[100%] [32m[1mLinking CXX executable aria[0m
[100%] Built target aria
-- Install configuration: ""
-- Installing: /home/krawlingkorpse/cpp_robotics/aria_ws/src/aria_cpp/install/aria_cpp/lib/aria_cpp/aria_terminal
-- Set non-toolchain portion of runtime path of "/home/krawlingkorpse/cpp_robotics/aria_ws/src/aria_cpp/install/aria_cpp/lib/aria_cpp/aria_terminal" to ""
-- Installing: /home/krawlingkorpse/cpp_robotics/aria_ws/src/aria_cpp/install/aria_cpp/lib/aria_cpp/aria_tts
-- Set non-toolchain portion of runtime path of "/home/krawlingkorpse/cpp_robotics/aria_ws/src/aria_cpp/install/aria_cpp/lib/aria_cpp/aria_tts" to ""
-- Installing: /home/krawlingkorpse/cpp_robotics/aria_ws/src/aria_cpp/install/aria_cpp/lib/aria_cpp/aria_ears
-- Set non-toolchain portion of runtime path of "/home/krawlingkorpse/cpp_robotics/aria_ws/src/aria_cpp/install/aria_cpp/lib/aria_cpp/aria_ears" to ""
-- Installing: /home/krawlingkorpse/cpp_robotics/aria_ws/src/aria_cpp/install/aria_cpp/lib/aria_cpp/aria
-- Set non-toolchain portion of runtime path of "/home/krawlingkorpse/cpp_robotics/aria_ws/src/aria_cpp/install/aria_cpp/lib/aria_cpp/aria" to ""
-- Installing: /home/krawlingkorpse/cpp_robotics/aria_ws/src/aria_cpp/install/aria_cpp/share/aria_cpp/aria_prompt.txt
-- Installing: /home/krawlingkorpse/cpp_robotics/aria_ws/src/aria_cpp/install/aria_cpp/share/ament_index/resource_index/package_run_dependencies/aria_cpp
-- Installing: /home/krawlingkorpse/cpp_robotics/aria_ws/src/aria_cpp/install/aria_cpp/share/ament_index/resource_index/parent_prefix_path/aria_cpp
-- Installing: /home/krawlingkorpse/cpp_robotics/aria_ws/src/aria_cpp/install/aria_cpp/share/aria_cpp/environment/ament_prefix_path.sh
-- Installing: /home/krawlingkorpse/cpp_robotics/aria_ws/src/aria_cpp/install/aria_cpp/share/aria_cpp/environment/ament_prefix_path.dsv
-- Installing: /home/krawlingkorpse/cpp_robotics/aria_ws/src/aria_cpp/install/aria_cpp/share/aria_cpp/environment/path.sh
-- Installing: /home/krawlingkorpse/cpp_robotics/aria_ws/src/aria_cpp/install/aria_cpp/share/aria_cpp/environment/path.dsv
-- Installing: /home/krawlingkorpse/cpp_robotics/aria_ws/src/aria_cpp/install/aria_cpp/share/aria_cpp/local_setup.bash
-- Installing: /home/krawlingkorpse/cpp_robotics/aria_ws/src/aria_cpp/install/aria_cpp/share/aria_cpp/local_setup.sh
-- Installing: /home/krawlingkorpse/cpp_robotics/aria_ws/src/aria_cpp/install/aria_cpp/share/aria_cpp/local_setup.zsh
-- Installing: /home/krawlingkorpse/cpp_robotics/aria_ws/src/aria_cpp/install/aria_cpp/share/aria_cpp/local_setup.dsv
-- Installing: /home/krawlingkorpse/cpp_robotics/aria_ws/src/aria_cpp/install/aria_cpp/share/aria_cpp/package.dsv
-- Installing: /home/krawlingkorpse/cpp_robotics/aria_ws/src/aria_cpp/install/aria_cpp/share/ament_index/resource_index/packages/aria_cpp
-- Installing: /home/krawlingkorpse/cpp_robotics/aria_ws/src/aria_cpp/install/aria_cpp/share/aria_cpp/cmake/aria_cppConfig.cmake
-- Installing: /home/krawlingkorpse/cpp_robotics/aria_ws/src/aria_cpp/install/aria_cpp/share/aria_cpp/cmake/aria_cppConfig-version.cmake
-- Installing: /home/krawlingkorpse/cpp_robotics/aria_ws/src/aria_cpp/install/aria_cpp/share/aria_cpp/package.xml
