[0.008s] Invoking command in '/home/krawlingkorpse/cpp_robotics/aria_ws/src/aria_cpp/build/aria_cpp': CMAKE_PREFIX_PATH=${CMAKE_PREFIX_PATH}:/home/krawlingkorpse/robotics/aria_cc/install/aria_ai:/opt/ros/jazzy DEBUGINFOD_URLS=https://debuginfod.ubuntu.com /usr/bin/cmake /home/krawlingkorpse/cpp_robotics/aria_ws/src/aria_cpp -DCMAKE_INSTALL_PREFIX=/home/krawlingkorpse/cpp_robotics/aria_ws/src/aria_cpp/install/aria_cpp
[0.055s] -- The C compiler identification is GNU 13.3.0
[0.102s] -- The CXX compiler identification is GNU 13.3.0
[0.117s] -- Detecting C compiler ABI info
[0.197s] -- Detecting C compiler ABI info - done
[0.204s] -- Check for working C compiler: /usr/bin/cc - skipped
[0.204s] -- Detecting C compile features
[0.205s] -- Detecting C compile features - done
[0.213s] -- Detecting CXX compiler ABI info
[0.299s] -- Detecting CXX compiler ABI info - done
[0.306s] -- Check for working CXX compiler: /usr/bin/c++ - skipped
[0.307s] -- Detecting CXX compile features
[0.307s] -- Detecting CXX compile features - done
[0.311s] -- Found ament_cmake: 2.5.4 (/opt/ros/jazzy/share/ament_cmake/cmake)
[0.437s] -- Found Python3: /usr/bin/python3 (found version "3.12.3") found components: Interpreter 
[0.542s] -- Found rclcpp: 28.1.10 (/opt/ros/jazzy/share/rclcpp/cmake)
[0.593s] -- Found rosidl_generator_c: 4.6.5 (/opt/ros/jazzy/share/rosidl_generator_c/cmake)
[0.609s] -- Found rosidl_generator_cpp: 4.6.5 (/opt/ros/jazzy/share/rosidl_generator_cpp/cmake)
[0.627s] -- Using all available rosidl_typesupport_c: rosidl_typesupport_fastrtps_c;rosidl_typesupport_introspection_c
[0.646s] -- Using all available rosidl_typesupport_cpp: rosidl_typesupport_fastrtps_cpp;rosidl_typesupport_introspection_cpp
[0.727s] -- Found rmw_implementation_cmake: 7.3.2 (/opt/ros/jazzy/share/rmw_implementation_cmake/cmake)
[0.731s] -- Found rmw_fastrtps_cpp: 8.4.2 (/opt/ros/jazzy/share/rmw_fastrtps_cpp/cmake)
[0.823s] -- Found OpenSSL: /usr/lib/x86_64-linux-gnu/libcrypto.so (found version "3.0.13")  
[0.841s] -- Found FastRTPS: /opt/ros/jazzy/include (Required is at least version "2.13") 
[0.860s] -- Using RMW implementation 'rmw_fastrtps_cpp' as default
[0.933s] -- Found std_msgs: 5.3.6 (/opt/ros/jazzy/share/std_msgs/cmake)
[0.947s] -- Found geometry_msgs: 5.3.6 (/opt/ros/jazzy/share/geometry_msgs/cmake)
[0.963s] -- Found sensor_msgs: 5.3.6 (/opt/ros/jazzy/share/sensor_msgs/cmake)
[0.986s] -- Found tf2_ros: 0.36.12 (/opt/ros/jazzy/share/tf2_ros/cmake)
[1.116s] -- Found cv_bridge: 4.1.0 (/opt/ros/jazzy/share/cv_bridge/cmake)
[1.132s] -- Found PkgConfig: /usr/bin/pkg-config (found version "1.8.1") 
[1.132s] -- Checking for module 'portaudio-2.0'
[1.148s] --   Found portaudio-2.0, version 19
[1.192s] -- Found ament_lint_auto: 0.17.2 (/opt/ros/jazzy/share/ament_lint_auto/cmake)
[1.287s] -- Added test 'cppcheck' to perform static code analysis on C / C++ code
[1.287s] -- Configured cppcheck include dirs: 
[1.287s] -- Configured cppcheck exclude dirs and/or files: 
[1.289s] -- Added test 'lint_cmake' to check CMake code style
[1.295s] -- Added test 'uncrustify' to check C / C++ code style
[1.295s] -- Configured uncrustify additional arguments: 
[1.296s] -- Added test 'xmllint' to check XML markup files
[1.298s] -- Configuring done (1.3s)
[1.314s] -- Generating done (0.0s)
[1.319s] -- Build files have been written to: /home/krawlingkorpse/cpp_robotics/aria_ws/src/aria_cpp/build/aria_cpp
[1.328s] Invoked command in '/home/krawlingkorpse/cpp_robotics/aria_ws/src/aria_cpp/build/aria_cpp' returned '0': CMAKE_PREFIX_PATH=${CMAKE_PREFIX_PATH}:/home/krawlingkorpse/robotics/aria_cc/install/aria_ai:/opt/ros/jazzy DEBUGINFOD_URLS=https://debuginfod.ubuntu.com /usr/bin/cmake /home/krawlingkorpse/cpp_robotics/aria_ws/src/aria_cpp -DCMAKE_INSTALL_PREFIX=/home/krawlingkorpse/cpp_robotics/aria_ws/src/aria_cpp/install/aria_cpp
[1.330s] Invoking command in '/home/krawlingkorpse/cpp_robotics/aria_ws/src/aria_cpp/build/aria_cpp': CMAKE_PREFIX_PATH=${CMAKE_PREFIX_PATH}:/home/krawlingkorpse/robotics/aria_cc/install/aria_ai:/opt/ros/jazzy DEBUGINFOD_URLS=https://debuginfod.ubuntu.com /usr/bin/cmake --build /home/krawlingkorpse/cpp_robotics/aria_ws/src/aria_cpp/build/aria_cpp -- -j16 -l16
[1.380s] [ 12%] [32mBuilding CXX object CMakeFiles/aria_terminal.dir/src/aria_terminal.cpp.o[0m
[1.380s] [ 25%] [32mBuilding CXX object CMakeFiles/aria_ears.dir/src/aria_ears.cpp.o[0m
[1.381s] [ 37%] [32mBuilding CXX object CMakeFiles/aria.dir/src/aria.cpp.o[0m
[1.381s] [ 50%] [32mBuilding CXX object CMakeFiles/aria_tts.dir/src/aria_tts.cpp.o[0m
[4.333s] [ 62%] [32m[1mLinking CXX executable aria_terminal[0m
[4.399s] [ 75%] [32m[1mLinking CXX executable aria_ears[0m
[4.462s] [ 75%] Built target aria_terminal
[4.617s] [ 75%] Built target aria_ears
[6.614s] [ 87%] [32m[1mLinking CXX executable aria_tts[0m
[6.795s] [ 87%] Built target aria_tts
[7.652s] [100%] [32m[1mLinking CXX executable aria[0m
[7.943s] [100%] Built target aria
[7.954s] Invoked command in '/home/krawlingkorpse/cpp_robotics/aria_ws/src/aria_cpp/build/aria_cpp' returned '0': CMAKE_PREFIX_PATH=${CMAKE_PREFIX_PATH}:/home/krawlingkorpse/robotics/aria_cc/install/aria_ai:/opt/ros/jazzy DEBUGINFOD_URLS=https://debuginfod.ubuntu.com /usr/bin/cmake --build /home/krawlingkorpse/cpp_robotics/aria_ws/src/aria_cpp/build/aria_cpp -- -j16 -l16
[7.963s] Invoking command in '/home/krawlingkorpse/cpp_robotics/aria_ws/src/aria_cpp/build/aria_cpp': CMAKE_PREFIX_PATH=${CMAKE_PREFIX_PATH}:/home/krawlingkorpse/robotics/aria_cc/install/aria_ai:/opt/ros/jazzy DEBUGINFOD_URLS=https://debuginfod.ubuntu.com /usr/bin/cmake --install /home/krawlingkorpse/cpp_robotics/aria_ws/src/aria_cpp/build/aria_cpp
[7.971s] -- Install configuration: ""
[7.971s] -- Installing: /home/krawlingkorpse/cpp_robotics/aria_ws/src/aria_cpp/install/aria_cpp/lib/aria_cpp/aria_terminal
[7.972s] -- Set non-toolchain portion of runtime path of "/home/krawlingkorpse/cpp_robotics/aria_ws/src/aria_cpp/install/aria_cpp/lib/aria_cpp/aria_terminal" to ""
[7.972s] -- Installing: /home/krawlingkorpse/cpp_robotics/aria_ws/src/aria_cpp/install/aria_cpp/lib/aria_cpp/aria_tts
[7.976s] -- Set non-toolchain portion of runtime path of "/home/krawlingkorpse/cpp_robotics/aria_ws/src/aria_cpp/install/aria_cpp/lib/aria_cpp/aria_tts" to ""
[7.976s] -- Installing: /home/krawlingkorpse/cpp_robotics/aria_ws/src/aria_cpp/install/aria_cpp/lib/aria_cpp/aria_ears
[7.977s] -- Set non-toolchain portion of runtime path of "/home/krawlingkorpse/cpp_robotics/aria_ws/src/aria_cpp/install/aria_cpp/lib/aria_cpp/aria_ears" to ""
[7.977s] -- Installing: /home/krawlingkorpse/cpp_robotics/aria_ws/src/aria_cpp/install/aria_cpp/lib/aria_cpp/aria
[7.981s] -- Set non-toolchain portion of runtime path of "/home/krawlingkorpse/cpp_robotics/aria_ws/src/aria_cpp/install/aria_cpp/lib/aria_cpp/aria" to ""
[7.982s] -- Installing: /home/krawlingkorpse/cpp_robotics/aria_ws/src/aria_cpp/install/aria_cpp/share/aria_cpp/aria_prompt.txt
[7.982s] -- Installing: /home/krawlingkorpse/cpp_robotics/aria_ws/src/aria_cpp/install/aria_cpp/share/ament_index/resource_index/package_run_dependencies/aria_cpp
[7.982s] -- Installing: /home/krawlingkorpse/cpp_robotics/aria_ws/src/aria_cpp/install/aria_cpp/share/ament_index/resource_index/parent_prefix_path/aria_cpp
[7.982s] -- Installing: /home/krawlingkorpse/cpp_robotics/aria_ws/src/aria_cpp/install/aria_cpp/share/aria_cpp/environment/ament_prefix_path.sh
[7.982s] -- Installing: /home/krawlingkorpse/cpp_robotics/aria_ws/src/aria_cpp/install/aria_cpp/share/aria_cpp/environment/ament_prefix_path.dsv
[7.982s] -- Installing: /home/krawlingkorpse/cpp_robotics/aria_ws/src/aria_cpp/install/aria_cpp/share/aria_cpp/environment/path.sh
[7.982s] -- Installing: /home/krawlingkorpse/cpp_robotics/aria_ws/src/aria_cpp/install/aria_cpp/share/aria_cpp/environment/path.dsv
[7.983s] -- Installing: /home/krawlingkorpse/cpp_robotics/aria_ws/src/aria_cpp/install/aria_cpp/share/aria_cpp/local_setup.bash
[7.983s] -- Installing: /home/krawlingkorpse/cpp_robotics/aria_ws/src/aria_cpp/install/aria_cpp/share/aria_cpp/local_setup.sh
[7.983s] -- Installing: /home/krawlingkorpse/cpp_robotics/aria_ws/src/aria_cpp/install/aria_cpp/share/aria_cpp/local_setup.zsh
[7.983s] -- Installing: /home/krawlingkorpse/cpp_robotics/aria_ws/src/aria_cpp/install/aria_cpp/share/aria_cpp/local_setup.dsv
[7.983s] -- Installing: /home/krawlingkorpse/cpp_robotics/aria_ws/src/aria_cpp/install/aria_cpp/share/aria_cpp/package.dsv
[7.983s] -- Installing: /home/krawlingkorpse/cpp_robotics/aria_ws/src/aria_cpp/install/aria_cpp/share/ament_index/resource_index/packages/aria_cpp
[7.983s] -- Installing: /home/krawlingkorpse/cpp_robotics/aria_ws/src/aria_cpp/install/aria_cpp/share/aria_cpp/cmake/aria_cppConfig.cmake
[7.983s] -- Installing: /home/krawlingkorpse/cpp_robotics/aria_ws/src/aria_cpp/install/aria_cpp/share/aria_cpp/cmake/aria_cppConfig-version.cmake
[7.984s] -- Installing: /home/krawlingkorpse/cpp_robotics/aria_ws/src/aria_cpp/install/aria_cpp/share/aria_cpp/package.xml
[7.985s] Invoked command in '/home/krawlingkorpse/cpp_robotics/aria_ws/src/aria_cpp/build/aria_cpp' returned '0': CMAKE_PREFIX_PATH=${CMAKE_PREFIX_PATH}:/home/krawlingkorpse/robotics/aria_cc/install/aria_ai:/opt/ros/jazzy DEBUGINFOD_URLS=https://debuginfod.ubuntu.com /usr/bin/cmake --install /home/krawlingkorpse/cpp_robotics/aria_ws/src/aria_cpp/build/aria_cpp
